  Lab5 - Solitaire.cpp
C:\Users\50252\Documents\GitHub\AdvancedProgramming_URL\Lab5 - Solitaire\Lab5 - Solitaire\Lab5 - Solitaire.cpp(132,9): error C4996: 'fopen': This function or variable may be unsafe. Consider using fopen_s instead. To disable deprecation, use _CRT_SECURE_NO_WARNINGS. See online help for details.
C:\Users\50252\Documents\GitHub\AdvancedProgramming_URL\Lab5 - Solitaire\Lab5 - Solitaire\Lab5 - Solitaire.cpp(152,3): error C4996: 'fscanf': This function or variable may be unsafe. Consider using fscanf_s instead. To disable deprecation, use _CRT_SECURE_NO_WARNINGS. See online help for details.
C:\Users\50252\Documents\GitHub\AdvancedProgramming_URL\Lab5 - Solitaire\Lab5 - Solitaire\Lab5 - Solitaire.cpp(154,4): error C4996: 'fscanf': This function or variable may be unsafe. Consider using fscanf_s instead. To disable deprecation, use _CRT_SECURE_NO_WARNINGS. See online help for details.
C:\Users\50252\Documents\GitHub\AdvancedProgramming_URL\Lab5 - Solitaire\Lab5 - Solitaire\Lab5 - Solitaire.cpp(160,3): error C4996: 'fscanf': This function or variable may be unsafe. Consider using fscanf_s instead. To disable deprecation, use _CRT_SECURE_NO_WARNINGS. See online help for details.
C:\Users\50252\Documents\GitHub\AdvancedProgramming_URL\Lab5 - Solitaire\Lab5 - Solitaire\Lab5 - Solitaire.cpp(169,4): error C4996: 'sscanf': This function or variable may be unsafe. Consider using sscanf_s instead. To disable deprecation, use _CRT_SECURE_NO_WARNINGS. See online help for details.
C:\Users\50252\Documents\GitHub\AdvancedProgramming_URL\Lab5 - Solitaire\Lab5 - Solitaire\Lab5 - Solitaire.cpp(205,3): error C4996: 'fscanf': This function or variable may be unsafe. Consider using fscanf_s instead. To disable deprecation, use _CRT_SECURE_NO_WARNINGS. See online help for details.
C:\Users\50252\Documents\GitHub\AdvancedProgramming_URL\Lab5 - Solitaire\Lab5 - Solitaire\Lab5 - Solitaire.cpp(207,4): error C4996: 'fscanf': This function or variable may be unsafe. Consider using fscanf_s instead. To disable deprecation, use _CRT_SECURE_NO_WARNINGS. See online help for details.
C:\Users\50252\Documents\GitHub\AdvancedProgramming_URL\Lab5 - Solitaire\Lab5 - Solitaire\Lab5 - Solitaire.cpp(219,3): error C4996: 'fscanf': This function or variable may be unsafe. Consider using fscanf_s instead. To disable deprecation, use _CRT_SECURE_NO_WARNINGS. See online help for details.
C:\Users\50252\Documents\GitHub\AdvancedProgramming_URL\Lab5 - Solitaire\Lab5 - Solitaire\Lab5 - Solitaire.cpp(226,4): error C4996: 'sscanf': This function or variable may be unsafe. Consider using sscanf_s instead. To disable deprecation, use _CRT_SECURE_NO_WARNINGS. See online help for details.
C:\Users\50252\Documents\GitHub\AdvancedProgramming_URL\Lab5 - Solitaire\Lab5 - Solitaire\Lab5 - Solitaire.cpp(458,2): error C4996: 'scanf': This function or variable may be unsafe. Consider using scanf_s instead. To disable deprecation, use _CRT_SECURE_NO_WARNINGS. See online help for details.
C:\Users\50252\Documents\GitHub\AdvancedProgramming_URL\Lab5 - Solitaire\Lab5 - Solitaire\Lab5 - Solitaire.cpp(465,3): error C4996: 'sscanf': This function or variable may be unsafe. Consider using sscanf_s instead. To disable deprecation, use _CRT_SECURE_NO_WARNINGS. See online help for details.
C:\Users\50252\Documents\GitHub\AdvancedProgramming_URL\Lab5 - Solitaire\Lab5 - Solitaire\Lab5 - Solitaire.cpp(527,2): error C4996: 'scanf': This function or variable may be unsafe. Consider using scanf_s instead. To disable deprecation, use _CRT_SECURE_NO_WARNINGS. See online help for details.
C:\Users\50252\Documents\GitHub\AdvancedProgramming_URL\Lab5 - Solitaire\Lab5 - Solitaire\Lab5 - Solitaire.cpp(534,3): error C4996: 'sscanf': This function or variable may be unsafe. Consider using sscanf_s instead. To disable deprecation, use _CRT_SECURE_NO_WARNINGS. See online help for details.
C:\Users\50252\Documents\GitHub\AdvancedProgramming_URL\Lab5 - Solitaire\Lab5 - Solitaire\Lab5 - Solitaire.cpp(537,2): error C4996: 'scanf': This function or variable may be unsafe. Consider using scanf_s instead. To disable deprecation, use _CRT_SECURE_NO_WARNINGS. See online help for details.
C:\Users\50252\Documents\GitHub\AdvancedProgramming_URL\Lab5 - Solitaire\Lab5 - Solitaire\Lab5 - Solitaire.cpp(594,2): error C4996: 'scanf': This function or variable may be unsafe. Consider using scanf_s instead. To disable deprecation, use _CRT_SECURE_NO_WARNINGS. See online help for details.
C:\Users\50252\Documents\GitHub\AdvancedProgramming_URL\Lab5 - Solitaire\Lab5 - Solitaire\Lab5 - Solitaire.cpp(596,2): error C4996: 'scanf': This function or variable may be unsafe. Consider using scanf_s instead. To disable deprecation, use _CRT_SECURE_NO_WARNINGS. See online help for details.
C:\Users\50252\Documents\GitHub\AdvancedProgramming_URL\Lab5 - Solitaire\Lab5 - Solitaire\Lab5 - Solitaire.cpp(600,2): error C4996: 'scanf': This function or variable may be unsafe. Consider using scanf_s instead. To disable deprecation, use _CRT_SECURE_NO_WARNINGS. See online help for details.
C:\Users\50252\Documents\GitHub\AdvancedProgramming_URL\Lab5 - Solitaire\Lab5 - Solitaire\Lab5 - Solitaire.cpp(607,3): error C4996: 'sscanf': This function or variable may be unsafe. Consider using sscanf_s instead. To disable deprecation, use _CRT_SECURE_NO_WARNINGS. See online help for details.
C:\Users\50252\Documents\GitHub\AdvancedProgramming_URL\Lab5 - Solitaire\Lab5 - Solitaire\Lab5 - Solitaire.cpp(663,2): error C4996: 'scanf': This function or variable may be unsafe. Consider using scanf_s instead. To disable deprecation, use _CRT_SECURE_NO_WARNINGS. See online help for details.
